<?xml version="1.0" encoding="UTF-8"?>
<!-- Generated by org.testng.reporters.JUnitReportReporter -->
<testsuite hostname="LAPTOP-L36TRD7L" failures="0" tests="2" name="day1.datadriven" time="1.510" errors="0" timestamp="2022-08-17T15:43:03 IST" skipped="0">
  <testcase classname="day1.datadriven" name="test3" time="1.428"/>
  <system-out/>
  <testcase classname="day1.datadriven" name="test3" time="0.082"/>
  <system-out/>
</testsuite> <!-- day1.datadriven -->
