<?xml version="1.0" encoding="UTF-8"?>
<!-- Generated by org.testng.reporters.JUnitReportReporter -->
<testsuite hostname="LAPTOP-L36TRD7L" name="day1.DAY1_get_rquest" tests="1" failures="0" timestamp="20 Oct 2022 02:55:57 GMT" time="4.124" errors="0">
  <testcase name="test2" time="4.124" classname="day1.DAY1_get_rquest"/>
</testsuite> <!-- day1.DAY1_get_rquest -->
