<?xml version="1.0" encoding="UTF-8"?>
<!-- Generated by org.testng.reporters.JUnitReportReporter -->
<testsuite hostname="LAPTOP-L36TRD7L" name="jalaacademyoutput.Postgeneratetoken" tests="1" failures="0" timestamp="20 Oct 2022 04:53:58 GMT" time="3.692" errors="0">
  <testcase name="test1" time="3.692" classname="jalaacademyoutput.Postgeneratetoken"/>
</testsuite> <!-- jalaacademyoutput.Postgeneratetoken -->
