<?xml version="1.0" encoding="UTF-8"?>
<!-- Generated by org.testng.reporters.JUnitReportReporter -->
<testsuite hostname="LAPTOP-L36TRD7L" name="jalaacademyoutput.Generatetoken" tests="1" failures="0" timestamp="20 Oct 2022 02:54:02 GMT" time="2.732" errors="0">
  <testcase name="generateBearerToken" time="2.732" classname="jalaacademyoutput.Generatetoken"/>
</testsuite> <!-- jalaacademyoutput.Generatetoken -->
