<?xml version="1.0" encoding="UTF-8"?>
<!-- Generated by org.testng.reporters.JUnitReportReporter -->
<testsuite skipped="0" hostname="LAPTOP-L36TRD7L" name="day1.Patch" tests="1" failures="0" timestamp="2022-10-16T00:08:58 IST" time="2.787" errors="0">
  <testcase name="test2" time="2.787" classname="day1.Patch"/>
  <system-out/>
</testsuite> <!-- day1.Patch -->
