<?xml version="1.0" encoding="UTF-8"?>
<!-- Generated by org.testng.reporters.JUnitReportReporter -->
<testsuite skipped="0" hostname="LAPTOP-L36TRD7L" name="day1.Delete" tests="1" failures="0" timestamp="2022-10-16T00:09:42 IST" time="2.334" errors="0">
  <testcase name="test3" time="2.334" classname="day1.Delete"/>
  <system-out/>
</testsuite> <!-- day1.Delete -->
