<?xml version="1.0" encoding="UTF-8"?>
<!-- Generated by org.testng.reporters.JUnitReportReporter -->
<testsuite skipped="0" hostname="LAPTOP-L36TRD7L" name="day1.DAY3put" tests="1" failures="0" timestamp="2022-10-16T00:06:52 IST" time="2.426" errors="0">
  <testcase name="test2" time="2.426" classname="day1.DAY3put"/>
  <system-out/>
</testsuite> <!-- day1.DAY3put -->
